<?xml version="1.0" encoding="UTF-8"?>
<testsuite xmlns:xsi="http://www.w3.org/2001/XMLSchema-instance" xsi:noNamespaceSchemaLocation="https://maven.apache.org/surefire/maven-surefire-plugin/xsd/surefire-test-report-3.0.xsd" version="3.0" name="TestSuite" time="1.357" tests="11" errors="0" skipped="0" failures="3">
  <properties>
[...]
</properties>
  <testcase name="testNegativeID" classname="student.examples.DeviceIdentificationTest" time="0.007">
    <system-out><![CDATA[...
... TestNG 7.9.0 by Cédric Beust (cedric@beust.com)
...

Success of test cases and its details are : testNegativeID
]]></system-out>
  </testcase>
  <testcase name="testOverDischarge" classname="student.examples.HasBatteryTest" time="0.004">
    <system-out><![CDATA[Success of test cases and its details are : testOverDischarge
]]></system-out>
  </testcase>
  <testcase name="testOvercharge" classname="student.examples.HasBatteryTest" time="0.005">
    <system-out><![CDATA[Success of test cases and its details are : testOvercharge
]]></system-out>
  </testcase>
  <testcase name="testIsOn" classname="student.examples.HasPowerStatesTest" time="0.018">
    <system-out><![CDATA[Success of test cases and its details are : testIsOn
]]></system-out>
  </testcase>
  <testcase name="testSwitchOn" classname="student.examples.HasPowerStatesTest" time="0.002">
    <system-out><![CDATA[Success of test cases and its details are : testSwitchOn
]]></system-out>
  </testcase>
  <testcase name="testSwitchoff" classname="student.examples.HasPowerStatesTest" time="0.003">
    <system-out><![CDATA[Success of test cases and its details are : testSwitchoff
]]></system-out>
  </testcase>
  <testcase name="testChargeXML[[Ljava.lang.Object;@ed7f8b4](1)" classname="student.examples.IterativeChargeTest" time="0.011">
    <failure message="For input string: &quot;o&quot;" type="java.lang.NumberFormatException"><![CDATA[java.lang.NumberFormatException: For input string: "o"
	at java.base/java.lang.NumberFormatException.forInputString(NumberFormatException.java:67)
	at java.base/java.lang.Integer.parseInt(Integer.java:662)
	at java.base/java.lang.Integer.parseInt(Integer.java:778)
	at student.examples.IterativeChargeTest.testChargeXML(IterativeChargeTest.java:73)
	at java.base/jdk.internal.reflect.DirectMethodHandleAccessor.invoke(DirectMethodHandleAccessor.java:103)
	at java.base/java.lang.reflect.Method.invoke(Method.java:580)
	at org.testng.internal.invokers.MethodInvocationHelper.invokeMethod(MethodInvocationHelper.java:139)
	at org.testng.internal.invokers.TestInvoker.invokeMethod(TestInvoker.java:664)
	at org.testng.internal.invokers.TestInvoker.invokeTestMethod(TestInvoker.java:228)
	at org.testng.internal.invokers.MethodRunner.runInSequence(MethodRunner.java:63)
	at org.testng.internal.invokers.TestInvoker$MethodInvocationAgent.invoke(TestInvoker.java:961)
	at org.testng.internal.invokers.TestInvoker.invokeTestMethods(TestInvoker.java:201)
	at org.testng.internal.invokers.TestMethodWorker.invokeTestMethods(TestMethodWorker.java:148)
	at org.testng.internal.invokers.TestMethodWorker.run(TestMethodWorker.java:128)
	at java.base/java.util.ArrayList.forEach(ArrayList.java:1596)
	at org.testng.TestRunner.privateRun(TestRunner.java:819)
	at org.testng.TestRunner.run(TestRunner.java:619)
	at org.testng.SuiteRunner.runTest(SuiteRunner.java:443)
	at org.testng.SuiteRunner.runSequentially(SuiteRunner.java:437)
	at org.testng.SuiteRunner.privateRun(SuiteRunner.java:397)
	at org.testng.SuiteRunner.run(SuiteRunner.java:336)
	at org.testng.SuiteRunnerWorker.runSuite(SuiteRunnerWorker.java:52)
	at org.testng.SuiteRunnerWorker.run(SuiteRunnerWorker.java:95)
	at org.testng.TestNG.runSuitesSequentially(TestNG.java:1301)
	at org.testng.TestNG.runSuitesLocally(TestNG.java:1228)
	at org.testng.TestNG.runSuites(TestNG.java:1134)
	at org.testng.TestNG.run(TestNG.java:1101)
	at org.apache.maven.surefire.testng.TestNGExecutor.run(TestNGExecutor.java:308)
	at org.apache.maven.surefire.testng.TestNGXmlTestSuite.execute(TestNGXmlTestSuite.java:71)
	at org.apache.maven.surefire.testng.TestNGProvider.invoke(TestNGProvider.java:113)
	at org.apache.maven.surefire.booter.ForkedBooter.runSuitesInProcess(ForkedBooter.java:385)
	at org.apache.maven.surefire.booter.ForkedBooter.execute(ForkedBooter.java:162)
	at org.apache.maven.surefire.booter.ForkedBooter.run(ForkedBooter.java:507)
	at org.apache.maven.surefire.booter.ForkedBooter.main(ForkedBooter.java:495)
]]></failure>
    <system-out><![CDATA[Failure of test cases and its details are : testChargeXML
]]></system-out>
    <system-err><![CDATA[Warning: validation was turned on but an org.xml.sax.ErrorHandler was not set, which is probably not what is desired.  Parser will use a default ErrorHandler to print the first 0  errors.  Please call the setErrorHandler method to fix this.
Error: URI=file:/C:/Users/AlexeiD/IdeaProjects/ahoo-yet/ahoo-yet-lib/src/test/resources/charge-range-test.xml Line=3: Element type "charge-range-test" must be declared.
Error: URI=file:/C:/Users/AlexeiD/IdeaProjects/ahoo-yet/ahoo-yet-lib/src/test/resources/charge-range-test.xml Line=4: Element type "entry" must be declared.
Error: URI=file:/C:/Users/AlexeiD/IdeaProjects/ahoo-yet/ahoo-yet-lib/src/test/resources/charge-range-test.xml Line=5: Element type "input" must be declared.
Error: URI=file:/C:/Users/AlexeiD/IdeaProjects/ahoo-yet/ahoo-yet-lib/src/test/resources/charge-range-test.xml Line=6: Element type "expected" must be declared.
Error: URI=file:/C:/Users/AlexeiD/IdeaProjects/ahoo-yet/ahoo-yet-lib/src/test/resources/charge-range-test.xml Line=8: Element type "entry" must be declared.
Error: URI=file:/C:/Users/AlexeiD/IdeaProjects/ahoo-yet/ahoo-yet-lib/src/test/resources/charge-range-test.xml Line=9: Element type "input" must be declared.
Error: URI=file:/C:/Users/AlexeiD/IdeaProjects/ahoo-yet/ahoo-yet-lib/src/test/resources/charge-range-test.xml Line=10: Element type "expected" must be declared.
Error: URI=file:/C:/Users/AlexeiD/IdeaProjects/ahoo-yet/ahoo-yet-lib/src/test/resources/charge-range-test.xml Line=12: Element type "entry" must be declared.
Error: URI=file:/C:/Users/AlexeiD/IdeaProjects/ahoo-yet/ahoo-yet-lib/src/test/resources/charge-range-test.xml Line=13: Element type "input" must be declared.
Error: URI=file:/C:/Users/AlexeiD/IdeaProjects/ahoo-yet/ahoo-yet-lib/src/test/resources/charge-range-test.xml Line=14: Element type "expected" must be declared.
]]></system-err>
  </testcase>
  <testcase name="testChargeXML[[Ljava.lang.Object;@7a675056](2)" classname="student.examples.IterativeChargeTest" time="0.009">
    <failure message="expected [0] but found [5]" type="java.lang.AssertionError"><![CDATA[java.lang.AssertionError: expected [0] but found [5]
	at org.testng.Assert.fail(Assert.java:111)
	at org.testng.Assert.failNotEquals(Assert.java:1578)
	at org.testng.Assert.assertEqualsImpl(Assert.java:150)
	at org.testng.Assert.assertEquals(Assert.java:132)
	at org.testng.Assert.assertEquals(Assert.java:1419)
	at org.testng.Assert.assertEquals(Assert.java:1383)
	at org.testng.Assert.assertEquals(Assert.java:1429)
	at student.examples.IterativeChargeTest.testChargeXML(IterativeChargeTest.java:73)
	at java.base/jdk.internal.reflect.DirectMethodHandleAccessor.invoke(DirectMethodHandleAccessor.java:103)
	at java.base/java.lang.reflect.Method.invoke(Method.java:580)
	at org.testng.internal.invokers.MethodInvocationHelper.invokeMethod(MethodInvocationHelper.java:139)
	at org.testng.internal.invokers.TestInvoker.invokeMethod(TestInvoker.java:664)
	at org.testng.internal.invokers.TestInvoker.invokeTestMethod(TestInvoker.java:228)
	at org.testng.internal.invokers.MethodRunner.runInSequence(MethodRunner.java:63)
	at org.testng.internal.invokers.TestInvoker$MethodInvocationAgent.invoke(TestInvoker.java:961)
	at org.testng.internal.invokers.TestInvoker.invokeTestMethods(TestInvoker.java:201)
	at org.testng.internal.invokers.TestMethodWorker.invokeTestMethods(TestMethodWorker.java:148)
	at org.testng.internal.invokers.TestMethodWorker.run(TestMethodWorker.java:128)
	at java.base/java.util.ArrayList.forEach(ArrayList.java:1596)
	at org.testng.TestRunner.privateRun(TestRunner.java:819)
	at org.testng.TestRunner.run(TestRunner.java:619)
	at org.testng.SuiteRunner.runTest(SuiteRunner.java:443)
	at org.testng.SuiteRunner.runSequentially(SuiteRunner.java:437)
	at org.testng.SuiteRunner.privateRun(SuiteRunner.java:397)
	at org.testng.SuiteRunner.run(SuiteRunner.java:336)
	at org.testng.SuiteRunnerWorker.runSuite(SuiteRunnerWorker.java:52)
	at org.testng.SuiteRunnerWorker.run(SuiteRunnerWorker.java:95)
	at org.testng.TestNG.runSuitesSequentially(TestNG.java:1301)
	at org.testng.TestNG.runSuitesLocally(TestNG.java:1228)
	at org.testng.TestNG.runSuites(TestNG.java:1134)
	at org.testng.TestNG.run(TestNG.java:1101)
	at org.apache.maven.surefire.testng.TestNGExecutor.run(TestNGExecutor.java:308)
	at org.apache.maven.surefire.testng.TestNGXmlTestSuite.execute(TestNGXmlTestSuite.java:71)
	at org.apache.maven.surefire.testng.TestNGProvider.invoke(TestNGProvider.java:113)
	at org.apache.maven.surefire.booter.ForkedBooter.runSuitesInProcess(ForkedBooter.java:385)
	at org.apache.maven.surefire.booter.ForkedBooter.execute(ForkedBooter.java:162)
	at org.apache.maven.surefire.booter.ForkedBooter.run(ForkedBooter.java:507)
	at org.apache.maven.surefire.booter.ForkedBooter.main(ForkedBooter.java:495)
]]></failure>
    <system-out><![CDATA[Failure of test cases and its details are : testChargeXML
]]></system-out>
  </testcase>
  <testcase name="testChargeXML[[Ljava.lang.Object;@17a7f733](3)" classname="student.examples.IterativeChargeTest" time="0.008">
    <failure message="expected [5] but found [10]" type="java.lang.AssertionError"><![CDATA[java.lang.AssertionError: expected [5] but found [10]
	at org.testng.Assert.fail(Assert.java:111)
	at org.testng.Assert.failNotEquals(Assert.java:1578)
	at org.testng.Assert.assertEqualsImpl(Assert.java:150)
	at org.testng.Assert.assertEquals(Assert.java:132)
	at org.testng.Assert.assertEquals(Assert.java:1419)
	at org.testng.Assert.assertEquals(Assert.java:1383)
	at org.testng.Assert.assertEquals(Assert.java:1429)
	at student.examples.IterativeChargeTest.testChargeXML(IterativeChargeTest.java:73)
	at java.base/jdk.internal.reflect.DirectMethodHandleAccessor.invoke(DirectMethodHandleAccessor.java:103)
	at java.base/java.lang.reflect.Method.invoke(Method.java:580)
	at org.testng.internal.invokers.MethodInvocationHelper.invokeMethod(MethodInvocationHelper.java:139)
	at org.testng.internal.invokers.TestInvoker.invokeMethod(TestInvoker.java:664)
	at org.testng.internal.invokers.TestInvoker.invokeTestMethod(TestInvoker.java:228)
	at org.testng.internal.invokers.MethodRunner.runInSequence(MethodRunner.java:63)
	at org.testng.internal.invokers.TestInvoker$MethodInvocationAgent.invoke(TestInvoker.java:961)
	at org.testng.internal.invokers.TestInvoker.invokeTestMethods(TestInvoker.java:201)
	at org.testng.internal.invokers.TestMethodWorker.invokeTestMethods(TestMethodWorker.java:148)
	at org.testng.internal.invokers.TestMethodWorker.run(TestMethodWorker.java:128)
	at java.base/java.util.ArrayList.forEach(ArrayList.java:1596)
	at org.testng.TestRunner.privateRun(TestRunner.java:819)
	at org.testng.TestRunner.run(TestRunner.java:619)
	at org.testng.SuiteRunner.runTest(SuiteRunner.java:443)
	at org.testng.SuiteRunner.runSequentially(SuiteRunner.java:437)
	at org.testng.SuiteRunner.privateRun(SuiteRunner.java:397)
	at org.testng.SuiteRunner.run(SuiteRunner.java:336)
	at org.testng.SuiteRunnerWorker.runSuite(SuiteRunnerWorker.java:52)
	at org.testng.SuiteRunnerWorker.run(SuiteRunnerWorker.java:95)
	at org.testng.TestNG.runSuitesSequentially(TestNG.java:1301)
	at org.testng.TestNG.runSuitesLocally(TestNG.java:1228)
	at org.testng.TestNG.runSuites(TestNG.java:1134)
	at org.testng.TestNG.run(TestNG.java:1101)
	at org.apache.maven.surefire.testng.TestNGExecutor.run(TestNGExecutor.java:308)
	at org.apache.maven.surefire.testng.TestNGXmlTestSuite.execute(TestNGXmlTestSuite.java:71)
	at org.apache.maven.surefire.testng.TestNGProvider.invoke(TestNGProvider.java:113)
	at org.apache.maven.surefire.booter.ForkedBooter.runSuitesInProcess(ForkedBooter.java:385)
	at org.apache.maven.surefire.booter.ForkedBooter.execute(ForkedBooter.java:162)
	at org.apache.maven.surefire.booter.ForkedBooter.run(ForkedBooter.java:507)
	at org.apache.maven.surefire.booter.ForkedBooter.main(ForkedBooter.java:495)
]]></failure>
    <system-out><![CDATA[Failure of test cases and its details are : testChargeXML
]]></system-out>
  </testcase>
  <testcase name="testChargeXML[[Ljava.lang.Object;@11fc564b](4)" classname="student.examples.IterativeChargeTest" time="0.007">
    <system-out><![CDATA[Success of test cases and its details are : testChargeXML
]]></system-out>
  </testcase>
  <testcase name="testChargeXML[[Ljava.lang.Object;@6236eb5f](5)" classname="student.examples.IterativeChargeTest" time="0.002">
    <system-out><![CDATA[Success of test cases and its details are : testChargeXML
]]></system-out>
  </testcase>
</testsuite>