<?xml version="1.0" encoding="UTF-8"?>
<testng-results ignored="0" total="6" passed="6" failed="0" skipped="0">
  <reporter-output>
  </reporter-output>
  <suite started-at="2024-06-13T20:45:30 EEST" name="Surefire suite" finished-at="2024-06-13T20:45:30 EEST" duration-ms="354">
    <groups>
    </groups>
    <test started-at="2024-06-13T20:45:30 EEST" name="Surefire test" finished-at="2024-06-13T20:45:30 EEST" duration-ms="354">
      <class name="student.examples.CalculationServiceTest">
        <test-method is-config="true" signature="setup()[pri:0, instance:student.examples.CalculationServiceTest@5dd6264]" started-at="2024-06-13T20:45:30 EEST" name="setup" finished-at="2024-06-13T20:45:30 EEST" duration-ms="0" status="PASS">
          <reporter-output>
          </reporter-output>
        </test-method> <!-- setup -->
        <test-method signature="testSumOfArray()[pri:0, instance:student.examples.CalculationServiceTest@5dd6264]" started-at="2024-06-13T20:45:30 EEST" name="testSumOfArray" finished-at="2024-06-13T20:45:30 EEST" duration-ms="1" status="PASS">
          <reporter-output>
          </reporter-output>
        </test-method> <!-- testSumOfArray -->
        <test-method signature="testSumOfList()[pri:0, instance:student.examples.CalculationServiceTest@5dd6264]" started-at="2024-06-13T20:45:30 EEST" name="testSumOfList" finished-at="2024-06-13T20:45:30 EEST" duration-ms="1" status="PASS">
          <reporter-output>
          </reporter-output>
        </test-method> <!-- testSumOfList -->
        <test-method signature="testSumOfTwo()[pri:0, instance:student.examples.CalculationServiceTest@5dd6264]" started-at="2024-06-13T20:45:30 EEST" name="testSumOfTwo" finished-at="2024-06-13T20:45:30 EEST" duration-ms="0" status="PASS">
          <reporter-output>
          </reporter-output>
        </test-method> <!-- testSumOfTwo -->
        <test-method is-config="true" signature="tearDown()[pri:0, instance:student.examples.CalculationServiceTest@5dd6264]" started-at="2024-06-13T20:45:30 EEST" name="tearDown" finished-at="2024-06-13T20:45:30 EEST" duration-ms="0" status="PASS">
          <reporter-output>
          </reporter-output>
        </test-method> <!-- tearDown -->
      </class> <!-- student.examples.CalculationServiceTest -->
      <class name="student.examples.CalculationServiceDBTest">
        <test-method is-config="true" signature="setupData()[pri:0, instance:student.examples.CalculationServiceDBTest@5276e6b0]" started-at="2024-06-13T20:45:30 EEST" name="setupData" finished-at="2024-06-13T20:45:30 EEST" duration-ms="290" status="PASS">
          <reporter-output>
          </reporter-output>
        </test-method> <!-- setupData -->
        <test-method is-config="true" signature="setupService()[pri:0, instance:student.examples.CalculationServiceDBTest@5276e6b0]" started-at="2024-06-13T20:45:30 EEST" name="setupService" finished-at="2024-06-13T20:45:30 EEST" duration-ms="2" status="PASS">
          <reporter-output>
          </reporter-output>
        </test-method> <!-- setupService -->
        <test-method signature="testSumOfArray()[pri:0, instance:student.examples.CalculationServiceDBTest@5276e6b0]" started-at="2024-06-13T20:45:30 EEST" name="testSumOfArray" finished-at="2024-06-13T20:45:30 EEST" duration-ms="10" status="PASS">
          <reporter-output>
          </reporter-output>
        </test-method> <!-- testSumOfArray -->
        <test-method signature="testSumOfList()[pri:0, instance:student.examples.CalculationServiceDBTest@5276e6b0]" started-at="2024-06-13T20:45:30 EEST" name="testSumOfList" finished-at="2024-06-13T20:45:30 EEST" duration-ms="2" status="PASS">
          <reporter-output>
          </reporter-output>
        </test-method> <!-- testSumOfList -->
        <test-method signature="testSumOfTwo()[pri:0, instance:student.examples.CalculationServiceDBTest@5276e6b0]" started-at="2024-06-13T20:45:30 EEST" name="testSumOfTwo" finished-at="2024-06-13T20:45:30 EEST" duration-ms="1" status="PASS">
          <reporter-output>
          </reporter-output>
        </test-method> <!-- testSumOfTwo -->
        <test-method is-config="true" signature="tearDown()[pri:0, instance:student.examples.CalculationServiceDBTest@5276e6b0]" started-at="2024-06-13T20:45:30 EEST" name="tearDown" finished-at="2024-06-13T20:45:30 EEST" duration-ms="1" status="PASS">
          <reporter-output>
          </reporter-output>
        </test-method> <!-- tearDown -->
      </class> <!-- student.examples.CalculationServiceDBTest -->
    </test> <!-- Surefire test -->
  </suite> <!-- Surefire suite -->
</testng-results>
