<?xml version="1.0" encoding="UTF-8"?>
<!-- Generated by org.testng.reporters.JUnitXMLReporter -->
<testsuite ignored="0" hostname="MDC-Alexeid-M" failures="0" tests="6" name="Surefire test" time="0.354" errors="0" timestamp="2024-06-13T20:45:30 EEST">
  <testcase classname="student.examples.CalculationServiceDBTest" name="testSumOfArray" time="0.01"/>
  <testcase classname="student.examples.CalculationServiceDBTest" name="testSumOfList" time="0.002"/>
  <testcase classname="student.examples.CalculationServiceDBTest" name="testSumOfTwo" time="0.001"/>
  <testcase classname="student.examples.CalculationServiceTest" name="testSumOfArray" time="0.001"/>
  <testcase classname="student.examples.CalculationServiceTest" name="testSumOfList" time="0.001"/>
  <testcase classname="student.examples.CalculationServiceTest" name="testSumOfTwo" time="0.0"/>
</testsuite> <!-- Surefire test -->
